2016-10-16 14:30:29 - HHH000412: Hibernate Core {5.2.2.Final}
2016-10-16 14:30:29 - HHH000206: hibernate.properties not found
2016-10-16 14:30:29 - HHH000021: Bytecode provider name : javassist
2016-10-16 14:30:30 - HCANN000001: Hibernate Commons Annotations {5.0.1.Final}
2016-10-16 14:30:30 - HHH10001002: Using Hibernate built-in connection pool (not for production use!)
2016-10-16 14:30:30 - HHH10001005: using driver [org.hsqldb.jdbcDriver] at URL [jdbc:hsqldb:file:../database/hsqldb/librarydb]
2016-10-16 14:30:30 - HHH10001001: Connection properties: {user=sa, password=****}
2016-10-16 14:30:30 - HHH10001003: Autocommit mode: false
2016-10-16 14:30:30 - HHH000115: Hibernate connection pool size: 10 (min=1)
2016-10-16 14:30:31 - HHH000400: Using dialect: org.hibernate.dialect.HSQLDialect
2016-10-16 14:30:32 - HHH000397: Using ASTQueryTranslatorFactory
2016-10-16 14:30:32 - Send email to test4 with message:  Dear test1 test2, your reservation with id 3333 has been fulfilled. You can pickup your item
2016-10-16 14:30:32 - Patron with email test@email.test already exists
2016-10-16 14:31:16 - Send email to test4 with message:  Dear test1 test2, your reservation with id 3333 has been fulfilled. You can pickup your item
2016-10-16 14:34:12 - HHH000412: Hibernate Core {5.2.2.Final}
2016-10-16 14:34:12 - HHH000206: hibernate.properties not found
2016-10-16 14:34:12 - HHH000021: Bytecode provider name : javassist
2016-10-16 14:34:12 - HCANN000001: Hibernate Commons Annotations {5.0.1.Final}
2016-10-16 14:34:13 - HHH10001002: Using Hibernate built-in connection pool (not for production use!)
2016-10-16 14:34:13 - HHH10001005: using driver [org.hsqldb.jdbcDriver] at URL [jdbc:hsqldb:file:../database/hsqldb/librarydb]
2016-10-16 14:34:13 - HHH10001001: Connection properties: {user=sa, password=****}
2016-10-16 14:34:13 - HHH10001003: Autocommit mode: false
2016-10-16 14:34:13 - HHH000115: Hibernate connection pool size: 10 (min=1)
2016-10-16 14:34:13 - HHH000400: Using dialect: org.hibernate.dialect.HSQLDialect
2016-10-16 14:34:14 - HHH000397: Using ASTQueryTranslatorFactory
2016-10-16 14:34:15 - Send email to test4 with message:  Dear test1 test2, your reservation with id 3333 has been fulfilled. You can pickup your item
2016-10-16 14:34:15 - Patron with email test@email.test already exists
2016-10-16 15:05:49 - HHH000412: Hibernate Core {5.2.2.Final}
2016-10-16 15:05:49 - HHH000206: hibernate.properties not found
2016-10-16 15:05:49 - HHH000021: Bytecode provider name : javassist
2016-10-16 15:05:49 - HCANN000001: Hibernate Commons Annotations {5.0.1.Final}
2016-10-16 15:05:49 - HHH10001002: Using Hibernate built-in connection pool (not for production use!)
2016-10-16 15:05:49 - HHH10001005: using driver [org.hsqldb.jdbcDriver] at URL [jdbc:hsqldb:file:../database/hsqldb/librarydb]
2016-10-16 15:05:49 - HHH10001001: Connection properties: {user=sa, password=****}
2016-10-16 15:05:49 - HHH10001003: Autocommit mode: false
2016-10-16 15:05:49 - HHH000115: Hibernate connection pool size: 10 (min=1)
2016-10-16 15:05:50 - HHH000400: Using dialect: org.hibernate.dialect.HSQLDialect
2016-10-16 15:05:51 - HHH000397: Using ASTQueryTranslatorFactory
2016-10-16 15:05:51 - Send email to test4 with message:  Dear test1 test2, your reservation with id 3333 has been fulfilled. You can pickup your item
2016-10-16 15:05:51 - Patron with email test@email.test already exists
2016-10-16 15:19:37 - Send email to test4 with message:  Dear test1 test2, your reservation with id 3333 has been fulfilled. You can pickup your item
2016-10-16 15:22:12 - HHH000412: Hibernate Core {5.2.2.Final}
2016-10-16 15:22:12 - HHH000206: hibernate.properties not found
2016-10-16 15:22:12 - HHH000021: Bytecode provider name : javassist
2016-10-16 15:22:13 - HCANN000001: Hibernate Commons Annotations {5.0.1.Final}
2016-10-16 15:22:13 - HHH10001002: Using Hibernate built-in connection pool (not for production use!)
2016-10-16 15:22:13 - HHH10001005: using driver [org.hsqldb.jdbcDriver] at URL [jdbc:hsqldb:file:../database/hsqldb/librarydb]
2016-10-16 15:22:13 - HHH10001001: Connection properties: {user=sa, password=****}
2016-10-16 15:22:13 - HHH10001003: Autocommit mode: false
2016-10-16 15:22:13 - HHH000115: Hibernate connection pool size: 10 (min=1)
2016-10-16 15:22:14 - HHH000400: Using dialect: org.hibernate.dialect.HSQLDialect
2016-10-16 15:22:15 - HHH000397: Using ASTQueryTranslatorFactory
2016-10-16 15:22:16 - Send email to test4 with message:  Dear test1 test2, your reservation with id 3333 has been fulfilled. You can pickup your item
2016-10-16 15:22:16 - Patron with email test@email.test already exists
2016-10-16 17:52:29 - HHH000412: Hibernate Core {5.2.2.Final}
2016-10-16 17:52:29 - HHH000206: hibernate.properties not found
2016-10-16 17:52:29 - HHH000021: Bytecode provider name : javassist
2016-10-16 17:52:29 - HCANN000001: Hibernate Commons Annotations {5.0.1.Final}
2016-10-16 17:52:29 - HHH10001002: Using Hibernate built-in connection pool (not for production use!)
2016-10-16 17:52:29 - HHH10001005: using driver [org.hsqldb.jdbcDriver] at URL [jdbc:hsqldb:file:../database/hsqldb/librarydb]
2016-10-16 17:52:29 - HHH10001001: Connection properties: {user=sa, password=****}
2016-10-16 17:52:29 - HHH10001003: Autocommit mode: false
2016-10-16 17:52:29 - HHH000115: Hibernate connection pool size: 10 (min=1)
2016-10-16 17:52:30 - HHH000400: Using dialect: org.hibernate.dialect.HSQLDialect
2016-10-16 17:52:31 - HHH000397: Using ASTQueryTranslatorFactory
2016-10-16 17:52:32 - SQL Error: -104, SQLState: 23505
2016-10-16 17:52:32 - integrity constraint violation: unique constraint or index violation; PATRON_EMAIL_UNIQUE table: PATRON
2016-10-16 17:52:32 - Send email to test4 with message:  Dear test1 test2, your reservation with id 3333 has been fulfilled. You can pickup your item
2016-10-16 17:52:32 - Patron with email test@email.test already exists
2016-10-16 17:54:29 - HHH000412: Hibernate Core {5.2.2.Final}
2016-10-16 17:54:30 - HHH000206: hibernate.properties not found
2016-10-16 17:54:30 - HHH000021: Bytecode provider name : javassist
2016-10-16 17:54:30 - HCANN000001: Hibernate Commons Annotations {5.0.1.Final}
2016-10-16 17:54:30 - HHH10001002: Using Hibernate built-in connection pool (not for production use!)
2016-10-16 17:54:30 - HHH10001005: using driver [org.hsqldb.jdbcDriver] at URL [jdbc:hsqldb:file:../database/hsqldb/librarydb]
2016-10-16 17:54:30 - HHH10001001: Connection properties: {user=sa, password=****}
2016-10-16 17:54:30 - HHH10001003: Autocommit mode: false
2016-10-16 17:54:30 - HHH000115: Hibernate connection pool size: 10 (min=1)
2016-10-16 17:54:31 - HHH000400: Using dialect: org.hibernate.dialect.HSQLDialect
2016-10-16 17:54:32 - SQL Error: -104, SQLState: 23505
2016-10-16 17:54:32 - integrity constraint violation: unique constraint or index violation; PATRON_EMAIL_UNIQUE table: PATRON
2016-10-16 18:00:19 - HHH000412: Hibernate Core {5.2.2.Final}
2016-10-16 18:00:19 - HHH000206: hibernate.properties not found
2016-10-16 18:00:19 - HHH000021: Bytecode provider name : javassist
2016-10-16 18:00:20 - HCANN000001: Hibernate Commons Annotations {5.0.1.Final}
2016-10-16 18:00:20 - HHH10001002: Using Hibernate built-in connection pool (not for production use!)
2016-10-16 18:00:21 - HHH10001005: using driver [org.apache.derby.jdbc.EmbeddedDriver] at URL [jdbc:derby:../database/javadb/librarydb]
2016-10-16 18:00:21 - HHH10001001: Connection properties: {user=, password=****}
2016-10-16 18:00:21 - HHH10001003: Autocommit mode: false
2016-10-16 18:00:21 - HHH000115: Hibernate connection pool size: 10 (min=1)
2016-10-16 18:00:21 - HHH000400: Using dialect: org.hibernate.dialect.DerbyTenSixDialect
2016-10-16 18:00:23 - HHH000397: Using ASTQueryTranslatorFactory
2016-10-16 18:01:08 - HHH000412: Hibernate Core {5.2.2.Final}
2016-10-16 18:01:08 - HHH000206: hibernate.properties not found
2016-10-16 18:01:08 - HHH000021: Bytecode provider name : javassist
2016-10-16 18:01:09 - HCANN000001: Hibernate Commons Annotations {5.0.1.Final}
2016-10-16 18:01:09 - HHH10001002: Using Hibernate built-in connection pool (not for production use!)
2016-10-16 18:01:09 - HHH10001005: using driver [org.apache.derby.jdbc.EmbeddedDriver] at URL [jdbc:derby:../database/javadb/librarydb]
2016-10-16 18:01:09 - HHH10001001: Connection properties: {user=, password=****}
2016-10-16 18:01:09 - HHH10001003: Autocommit mode: false
2016-10-16 18:01:09 - HHH000115: Hibernate connection pool size: 10 (min=1)
2016-10-16 18:01:09 - HHH000400: Using dialect: org.hibernate.dialect.DerbyTenSixDialect
2016-10-16 18:01:11 - HHH000397: Using ASTQueryTranslatorFactory
2016-10-16 18:01:12 - Send email to test4 with message:  Dear test1 test2, your reservation with id 3333 has been fulfilled. You can pickup your item
2016-10-16 18:01:12 - Patron with email test@email.test already exists
2016-10-16 18:05:12 - HHH000412: Hibernate Core {5.2.2.Final}
2016-10-16 18:05:12 - HHH000206: hibernate.properties not found
2016-10-16 18:05:12 - HHH000021: Bytecode provider name : javassist
2016-10-16 18:05:12 - HCANN000001: Hibernate Commons Annotations {5.0.1.Final}
2016-10-16 18:05:12 - HHH10001002: Using Hibernate built-in connection pool (not for production use!)
2016-10-16 18:05:12 - HHH10001005: using driver [org.apache.derby.jdbc.EmbeddedDriver] at URL [jdbc:derby:../database/javadb/librarydb]
2016-10-16 18:05:12 - HHH10001001: Connection properties: {user=, password=****}
2016-10-16 18:05:12 - HHH10001003: Autocommit mode: false
2016-10-16 18:05:12 - HHH000115: Hibernate connection pool size: 10 (min=1)
2016-10-16 18:05:12 - HHH000400: Using dialect: org.hibernate.dialect.DerbyTenSixDialect
2016-10-16 18:05:14 - HHH000397: Using ASTQueryTranslatorFactory
2016-10-16 18:05:15 - Send email to test4 with message:  Dear test1 test2, your reservation with id 3333 has been fulfilled. You can pickup your item
2016-10-16 18:05:15 - Patron with email test@email.test already exists
2016-10-16 18:06:21 - HHH000412: Hibernate Core {5.2.2.Final}
2016-10-16 18:06:21 - HHH000206: hibernate.properties not found
2016-10-16 18:06:21 - HHH000021: Bytecode provider name : javassist
2016-10-16 18:06:21 - HCANN000001: Hibernate Commons Annotations {5.0.1.Final}
2016-10-16 18:06:21 - HHH10001002: Using Hibernate built-in connection pool (not for production use!)
2016-10-16 18:06:22 - HHH10001005: using driver [org.apache.derby.jdbc.EmbeddedDriver] at URL [jdbc:derby:../database/javadb/librarydb]
2016-10-16 18:06:22 - HHH10001001: Connection properties: {user=, password=****}
2016-10-16 18:06:22 - HHH10001003: Autocommit mode: false
2016-10-16 18:06:22 - HHH000115: Hibernate connection pool size: 10 (min=1)
2016-10-16 18:06:22 - HHH000400: Using dialect: org.hibernate.dialect.DerbyTenSixDialect
2016-10-16 18:06:24 - HHH000397: Using ASTQueryTranslatorFactory
2016-10-16 18:06:29 - HHH000412: Hibernate Core {5.2.2.Final}
2016-10-16 18:06:29 - HHH000206: hibernate.properties not found
2016-10-16 18:06:29 - HHH000021: Bytecode provider name : javassist
2016-10-16 18:06:30 - HCANN000001: Hibernate Commons Annotations {5.0.1.Final}
2016-10-16 18:06:30 - HHH10001002: Using Hibernate built-in connection pool (not for production use!)
2016-10-16 18:06:30 - HHH10001005: using driver [org.apache.derby.jdbc.EmbeddedDriver] at URL [jdbc:derby:../database/javadb/librarydb]
2016-10-16 18:06:30 - HHH10001001: Connection properties: {user=, password=****}
2016-10-16 18:06:30 - HHH10001003: Autocommit mode: false
2016-10-16 18:06:30 - HHH000115: Hibernate connection pool size: 10 (min=1)
2016-10-16 18:06:31 - HHH000400: Using dialect: org.hibernate.dialect.DerbyTenSixDialect
2016-10-16 18:06:38 - HHH000412: Hibernate Core {5.2.2.Final}
2016-10-16 18:06:38 - HHH000206: hibernate.properties not found
2016-10-16 18:06:38 - HHH000021: Bytecode provider name : javassist
2016-10-16 18:06:38 - HCANN000001: Hibernate Commons Annotations {5.0.1.Final}
2016-10-16 18:06:38 - HHH10001002: Using Hibernate built-in connection pool (not for production use!)
2016-10-16 18:06:39 - HHH10001005: using driver [org.apache.derby.jdbc.EmbeddedDriver] at URL [jdbc:derby:../database/javadb/librarydb]
2016-10-16 18:06:39 - HHH10001001: Connection properties: {user=, password=****}
2016-10-16 18:06:39 - HHH10001003: Autocommit mode: false
2016-10-16 18:06:39 - HHH000115: Hibernate connection pool size: 10 (min=1)
2016-10-16 18:06:39 - HHH000400: Using dialect: org.hibernate.dialect.DerbyTenSixDialect
2016-10-16 18:06:41 - HHH000397: Using ASTQueryTranslatorFactory
2016-10-16 18:06:52 - HHH000412: Hibernate Core {5.2.2.Final}
2016-10-16 18:06:52 - HHH000206: hibernate.properties not found
2016-10-16 18:06:52 - HHH000021: Bytecode provider name : javassist
2016-10-16 18:06:52 - HCANN000001: Hibernate Commons Annotations {5.0.1.Final}
2016-10-16 18:06:52 - HHH10001002: Using Hibernate built-in connection pool (not for production use!)
2016-10-16 18:06:53 - HHH10001005: using driver [org.apache.derby.jdbc.EmbeddedDriver] at URL [jdbc:derby:../database/javadb/librarydb]
2016-10-16 18:06:53 - HHH10001001: Connection properties: {user=, password=****}
2016-10-16 18:06:53 - HHH10001003: Autocommit mode: false
2016-10-16 18:06:53 - HHH000115: Hibernate connection pool size: 10 (min=1)
2016-10-16 18:06:53 - HHH000400: Using dialect: org.hibernate.dialect.DerbyTenSixDialect
2016-10-16 18:07:00 - HHH000412: Hibernate Core {5.2.2.Final}
2016-10-16 18:07:00 - HHH000206: hibernate.properties not found
2016-10-16 18:07:00 - HHH000021: Bytecode provider name : javassist
2016-10-16 18:07:00 - HCANN000001: Hibernate Commons Annotations {5.0.1.Final}
2016-10-16 18:07:00 - HHH10001002: Using Hibernate built-in connection pool (not for production use!)
2016-10-16 18:07:01 - HHH10001005: using driver [org.apache.derby.jdbc.EmbeddedDriver] at URL [jdbc:derby:../database/javadb/librarydb]
2016-10-16 18:07:01 - HHH10001001: Connection properties: {user=, password=****}
2016-10-16 18:07:01 - HHH10001003: Autocommit mode: false
2016-10-16 18:07:01 - HHH000115: Hibernate connection pool size: 10 (min=1)
2016-10-16 18:07:01 - HHH000400: Using dialect: org.hibernate.dialect.DerbyTenSixDialect
2016-10-16 18:07:03 - HHH000397: Using ASTQueryTranslatorFactory
2016-10-16 18:07:08 - HHH000412: Hibernate Core {5.2.2.Final}
2016-10-16 18:07:08 - HHH000206: hibernate.properties not found
2016-10-16 18:07:08 - HHH000021: Bytecode provider name : javassist
2016-10-16 18:07:09 - HCANN000001: Hibernate Commons Annotations {5.0.1.Final}
2016-10-16 18:07:09 - HHH10001002: Using Hibernate built-in connection pool (not for production use!)
2016-10-16 18:07:09 - HHH10001005: using driver [org.apache.derby.jdbc.EmbeddedDriver] at URL [jdbc:derby:../database/javadb/librarydb]
2016-10-16 18:07:09 - HHH10001001: Connection properties: {user=, password=****}
2016-10-16 18:07:09 - HHH10001003: Autocommit mode: false
2016-10-16 18:07:09 - HHH000115: Hibernate connection pool size: 10 (min=1)
2016-10-16 18:07:10 - HHH000400: Using dialect: org.hibernate.dialect.DerbyTenSixDialect
2016-10-16 18:07:11 - HHH000397: Using ASTQueryTranslatorFactory
2016-10-16 18:07:18 - Send email to test4 with message:  Dear test1 test2, your reservation with id 3333 has been fulfilled. You can pickup your item
2016-10-16 18:07:25 - Patron with email test@email.test already exists
2016-10-16 18:17:06 - HHH000412: Hibernate Core {5.2.2.Final}
2016-10-16 18:17:06 - HHH000206: hibernate.properties not found
2016-10-16 18:17:06 - HHH000021: Bytecode provider name : javassist
2016-10-16 18:17:07 - HCANN000001: Hibernate Commons Annotations {5.0.1.Final}
2016-10-16 18:17:07 - HHH10001002: Using Hibernate built-in connection pool (not for production use!)
2016-10-16 18:17:07 - HHH10001005: using driver [org.apache.derby.jdbc.EmbeddedDriver] at URL [jdbc:derby:../database/javadb/librarydb]
2016-10-16 18:17:07 - HHH10001001: Connection properties: {user=, password=****}
2016-10-16 18:17:07 - HHH10001003: Autocommit mode: false
2016-10-16 18:17:07 - HHH000115: Hibernate connection pool size: 10 (min=1)
2016-10-16 18:17:07 - HHH000400: Using dialect: org.hibernate.dialect.DerbyTenSixDialect
2016-10-16 18:17:09 - HHH000397: Using ASTQueryTranslatorFactory
2016-10-16 18:17:10 - Send email to test4 with message:  Dear test1 test2, your reservation with id 3333 has been fulfilled. You can pickup your item
2016-10-16 18:17:10 - Patron with email test@email.test already exists
